<?xml version="1.0" encoding="UTF-8"?>
<!-- Generated by org.testng.reporters.JUnitReportReporter -->
<testsuite hostname="DESKTOP-3ORSLE9" failures="0" tests="2" name="com.test.TestNGBasics" time="0.001" errors="0" timestamp="2025-01-11T22:44:32 IST" skipped="0">
  <testcase classname="com.test.TestNGBasics" name="google_tile_test" time="0.001"/>
  <system-out/>
  <testcase classname="com.test.TestNGBasics" name="search_keyword" time="0.000"/>
  <system-out/>
</testsuite> <!-- com.test.TestNGBasics -->
