<?xml version="1.0" encoding="UTF-8"?>
<!-- Generated by org.testng.reporters.JUnitReportReporter -->
<testsuite hostname="DESKTOP-3ORSLE9" failures="0" tests="10" name="com.test.InvocationCountTest" time="0.023" errors="0" timestamp="2025-01-11T22:44:32 IST" skipped="0">
  <testcase classname="com.test.InvocationCountTest" name="sum" time="0.002"/>
  <system-out/>
  <testcase classname="com.test.InvocationCountTest" name="sum" time="0.001"/>
  <system-out/>
  <testcase classname="com.test.InvocationCountTest" name="sum" time="0.002"/>
  <system-out/>
  <testcase classname="com.test.InvocationCountTest" name="sum" time="0.001"/>
  <system-out/>
  <testcase classname="com.test.InvocationCountTest" name="sum" time="0.001"/>
  <system-out/>
  <testcase classname="com.test.InvocationCountTest" name="sum" time="0.001"/>
  <system-out/>
  <testcase classname="com.test.InvocationCountTest" name="sum" time="0.002"/>
  <system-out/>
  <testcase classname="com.test.InvocationCountTest" name="sum" time="0.001"/>
  <system-out/>
  <testcase classname="com.test.InvocationCountTest" name="sum" time="0.001"/>
  <system-out/>
  <testcase classname="com.test.InvocationCountTest" name="sum" time="0.011"/>
  <system-out/>
</testsuite> <!-- com.test.InvocationCountTest -->
